<?xml version="1.0" encoding="UTF-8"?>
<!-- Generated by org.testng.reporters.JUnitReportReporter -->
<testsuite hostname="LAPTOP-8LT6TNQ5" failures="0" tests="3" name="Pac2.ContactTest" time="0.015" errors="0" timestamp="05 Apr 2025 07:25:16 GMT" skipped="0">
  <testcase classname="Pac2.ContactTest" name="deleteContactTest" time="0.002"/>
  <testcase classname="Pac2.ContactTest" name="modifyContactTest" time="0.001"/>
  <testcase classname="Pac2.ContactTest" name="createContactTest" time="0.012"/>
</testsuite> <!-- Pac2.ContactTest -->
