<?xml version="1.0" encoding="UTF-8"?>
<!-- Generated by org.testng.reporters.JUnitReportReporter -->
<testsuite hostname="LAPTOP-8LT6TNQ5" failures="0" tests="2" name="Pac1.OrganizationTest" time="0.016" errors="0" timestamp="02 Apr 2025 09:20:41 GMT" skipped="0">
  <testcase classname="Pac1.OrganizationTest" name="modifyOrgTest" time="0.001"/>
  <testcase classname="Pac1.OrganizationTest" name="createOrgTest" time="0.015"/>
</testsuite> <!-- Pac1.OrganizationTest -->
